<?xml version="1.0" encoding="UTF-8"?>
<!-- Generated by org.testng.reporters.JUnitXMLReporter -->
<testsuite hostname="Nawaphong-O" name="Default test" tests="3" failures="0" timestamp="10 Oct 2016 08:51:03 GMT" time="11.173" errors="0">
  <testcase name="TestA_insert" time="1.386" classname="selenium.web.test.Webtest"/>
  <testcase name="TestB_update" time="3.006" classname="selenium.web.test.Webtest"/>
  <testcase name="TestC_delete" time="3.692" classname="selenium.web.test.Webtest"/>
</testsuite> <!-- Default test -->
